<?xml version="1.0" encoding="UTF-8"?>
<testng-results skipped="0" failed="0" ignored="0" total="1" passed="1">
  <reporter-output>
  </reporter-output>
  <suite name="Default suite" duration-ms="15149" started-at="2017-02-24T08:56:58Z" finished-at="2017-02-24T08:57:14Z">
    <groups>
    </groups>
    <test name="Default test" duration-ms="15149" started-at="2017-02-24T08:56:58Z" finished-at="2017-02-24T08:57:14Z">
      <class name="dropDown.ExplicitWait">
        <test-method status="PASS" signature="explicitWait()[pri:0, instance:dropDown.ExplicitWait@1753acfe]" name="explicitWait" duration-ms="15119" started-at="2017-02-24T19:56:58Z" finished-at="2017-02-24T19:57:14Z">
          <reporter-output>
          </reporter-output>
        </test-method> <!-- explicitWait -->
      </class> <!-- dropDown.ExplicitWait -->
    </test> <!-- Default test -->
  </suite> <!-- Default suite -->
</testng-results>
